<?xml version="1.0" encoding="UTF-8"?>
<!-- Generated by org.testng.reporters.JUnitXMLReporter -->
<testsuite hostname="DESKTOP-CKDMN9M" ignored="0" name="Test" tests="1" failures="1" timestamp="2019-12-13T16:50:38 EST" time="13.061" errors="0">
  <testcase name="shippingTest" time="2.268" classname="ups.pack.testRunner.UpsShippingTest">
    <failure type="java.lang.AssertionError" message="null">
      <![CDATA[java.lang.AssertionError: null
at ups.pack.testRunner.UpsShippingTest.shippingTest(UpsShippingTest.java:41)
at java.util.ArrayList.forEach(ArrayList.java:1257)
... Removed 29 stack frames]]>
    </failure>
  </testcase> <!-- shippingTest -->
</testsuite> <!-- Test -->
